Log Date and Time:Sat,14 Nov 2020 09:46:13 IST
IP address:127.0.1.1
MAC address:b0:52:16:3c:6d:55
Request Name:POST
Response Number: 400
Filename:index.html
LastModifiedDate:Fri,13 Nov 2020 12:23:00 IST

Log Date and Time:Sat,14 Nov 2020 11:45:07 IST
IP address:127.0.1.1
MAC address:b0:52:16:3c:6d:55
Request Name:POST
Response Number: 400
Filename:a.txt
LastModifiedDate:Sat,14 Nov 2020 11:43:47 IST

Log Date and Time:Sat,14 Nov 2020 15:52:55 IST
IP address:127.0.1.1
MAC address:None
Request Name:POST
Response Number: 400
Filename:a.txt
LastModifiedDate:Sat,14 Nov 2020 15:51:55 IST

Log Date and Time:Sat,14 Nov 2020 15:56:47 IST
IP address:127.0.1.1
MAC address:None
Request Name:
Response Number: 408
Filename:a.txt
LastModifiedDate:Sat,14 Nov 2020 15:51:55 IST

Log Date and Time:Sat,14 Nov 2020 17:17:48 IST
IP address:127.0.1.1
MAC address:b0:52:16:3c:6d:55
Request Name:GET
Response Number: 400
Filename:
LastModifiedDate:Sat,14 Nov 2020 11:36:37 IST

Log Date and Time:Sat,14 Nov 2020 17:18:06 IST
IP address:127.0.1.1
MAC address:b0:52:16:3c:6d:55
Request Name:GET
Response Number: 400
Filename:
LastModifiedDate:Sat,14 Nov 2020 11:36:37 IST

Log Date and Time:Sat,14 Nov 2020 17:24:18 IST
IP address:127.0.1.1
MAC address:b0:52:16:3c:6d:55
Request Name:GET
Response Number: 400
Filename:
LastModifiedDate:Sat,14 Nov 2020 11:36:37 IST

Log Date and Time:Sat,14 Nov 2020 17:24:28 IST
IP address:127.0.1.1
MAC address:b0:52:16:3c:6d:55
Request Name:GET
Response Number: 400
Filename:
LastModifiedDate:Sat,14 Nov 2020 11:36:37 IST

Log Date and Time:Sat,14 Nov 2020 17:40:36 I"a9f7f49185f7e7632cb1f81b3c53b1d5"
ST
IP address:127.0.1.1
MAC address:None
Request Name:GET
Response Number: 400
Filename:
LastModifiedDate:Sat,14 Nov 2020 11:36:37 IST

Log Date and Time:Sat,14 Nov 2020 17:41:30 IST
IP address:127.0.1.1
MAC address:None
Request Name:GET
Response Number: 400
Filename:
LastModifiedDate:Sat,14 Nov 2020 11:36:37 IST

Log Date and Time:Mon,07 Dec 2020 14:55:55 IST
IP address:127.0.1.1
MAC address:b0:52:16:3c:6d:55
Request Name:GET
Response Number: 400
Filename:
LastModifiedDate:Sat,14 Nov 2020 11:36:37 IST

Log Date and Time:Mon,07 Dec 2020 14:59:38 IST
IP address:127.0.1.1
MAC address:b0:52:16:3c:6d:55
Request Name:GET
Response Number: 400
Filename:
LastModifiedDate:Sat,14 Nov 2020 11:36:37 IST

Log Date and Time:Mon,07 Dec 2020 15:10:54 IST
IP address:127.0.1.1
MAC address:b0:52:16:3c:6d:55
Request Name:GET
Response Number: 400
Filename:
LastModifiedDate:Mon,07 Dec 2020 15:03:04 IST

Log Date and Time:Mon,07 Dec 2020 15:10:54 IST
IP address:127.0.1.1
MAC address:b0:52:16:3c:6d:55
Request Name:GET
Response Number: 400
Filename:
LastModifiedDate:Mon,07 Dec 2020 15:03:04 IST

Log Date and Time:Mon,07 Dec 2020 15:12:20 IST
IP address:127.0.1.1
MAC address:b0:52:16:3c:6d:55
Request Name:GET
Response Number: 400
Filename:
LastModifiedDate:Mon,07 Dec 2020 15:03:04 IST

Log Date and Time:Mon,07 Dec 2020 15:12:20 IST
IP address:127.0.1.1
MAC address:b0:52:16:3c:6d:55
Request Name:GET
Response Number: 400
Filename:
LastModifiedDate:Mon,07 Dec 2020 15:03:04 IST

Log Date and Time:Mon,07 Dec 2020 15:13:03 IST
IP address:127.0.1.1
MAC address:b0:52:16:3c:6d:55
Request Name:GET
Response Number: 400
Filename:
LastModifiedDate:Mon,07 Dec 2020 15:03:04 IST

Log Date and Time:Mon,07 Dec 2020 15:26:54 IST
IP address:127.0.1.1
MAC address:b0:52:16:3c:6d:55
Request Name:GET
Response Number: 400
Filename:
LastModifiedDate:Mon,07 Dec 2020 15:03:04 IST

Log Date and Time:Mon,07 Dec 2020 15:26:54 IST
IP address:127.0.1.1
MAC address:b0:52:16:3c:6d:55
Request Name:GET
Response Number: 400
Filename:
LastModifiedDate:Mon,07 Dec 2020 15:03:04 IST

Log Date and Time:Mon,07 Dec 2020 15:59:40 IST
IP address:127.0.1.1
MAC address:b0:52:16:3c:6d:55
Request Name:GET
Response Number: 400
Status:File does not exist or File path is wrong or file is moved to some other location

Log Date and Time:Mon,07 Dec 2020 16:00:08 IST
IP address:127.0.1.1
MAC address:b0:52:16:3c:6d:55
Request Name:GET
Response Number: 400
Status:File does not exist or File path is wrong or file is moved to some other location

Log Date and Time:Mon,07 Dec 2020 16:05:39 IST
IP address:127.0.1.1
MAC address:b0:52:16:3c:6d:55
Request Name:
Response Number: 408
Filename:
LastModifiedDate:Mon,07 Dec 2020 15:03:04 IST

Log Date and Time:Mon,07 Dec 2020 19:33:42 IST
IP address:127.0.1.1
MAC address:b0:52:16:3c:6d:55
Request Name:POST
Response Number: 400
Filename:
LastModifiedDate:Mon,07 Dec 2020 19:32:22 IST

Log Date and Time:Mon,07 Dec 2020 19:39:01 IST
IP address:127.0.1.1
MAC address:b0:52:16:3c:6d:55
Request Name:
Response Number: 408
Filename:
LastModifiedDate:Mon,07 Dec 2020 19:32:22 IST

Log Date and Time:Mon,07 Dec 2020 19:49:58 IST
IP address:127.0.1.1
MAC address:b0:52:16:3c:6d:55
Request Name:
Response Number: 408
Filename:
LastModifiedDate:Mon,07 Dec 2020 19:49:07 IST

